0 info it worked if it ends with ok
1 verbose cli [ '/rhel5pdi/brazil-pkg-cache/packages/EasyNodeJS/EasyNodeJS-6.10.2.7.5/RHEL5_64/DEV.STD.PTHREAD/build/bin/node',
1 verbose cli   '/opt/brazil-pkg-cache/packages/EasyNodeJS/EasyNodeJS-6.10.2.7.5/RHEL5_64/DEV.STD.PTHREAD/build/bin/npm',
1 verbose cli   'run-script',
1 verbose cli   'release' ]
2 info using npm@3.10.10
3 info using node@v6.10.2
4 verbose run-script [ 'prerelease', 'release', 'postrelease' ]
5 info lifecycle lambda-console-resources@1.0.0~prerelease: lambda-console-resources@1.0.0
6 silly lifecycle lambda-console-resources@1.0.0~prerelease: no script for prerelease, continuing
7 info lifecycle lambda-console-resources@1.0.0~release: lambda-console-resources@1.0.0
8 verbose lifecycle lambda-console-resources@1.0.0~release: unsafe-perm in lifecycle true
9 verbose lifecycle lambda-console-resources@1.0.0~release: PATH: /rhel5pdi/brazil-pkg-cache/packages/EasyNodeJS/EasyNodeJS-6.10.2.7.5/RHEL5_64/DEV.STD.PTHREAD/build/lib/node_modules/npm/bin/node-gyp-bin:/rhel5pdi/workplace/yunusko/lambda-blueprints/src/LambdaConsoleResources/node_modules/.bin:/rhel5pdi/brazil-pkg-cache/packages/EasyNodeJS/EasyNodeJS-6.10.2.7.5/RHEL5_64/DEV.STD.PTHREAD/build/bin:/rhel5pdi/workplace/yunusko/lambda-blueprints/build/LambdaConsoleResources/LambdaConsoleResources-1.0/RHEL5_64/DEV.STD.PTHREAD/build/bin:/opt/brazil-pkg-cache/packages/BrazilPath/BrazilPath-1.1.5337.1397/RHEL5_64/DEV.STD.PTHREAD/build/bin:/opt/brazil-pkg-cache/packages/Coverage/Coverage-3.7.x.1049.71467/RHEL5_64/DEV.STD.PTHREAD/build/bin:/opt/brazil-pkg-cache/packages/EasyNodeJS/EasyNodeJS-6.10.2.7.5/RHEL5_64/DEV.STD.PTHREAD/build/bin:/opt/brazil-pkg-cache/packages/Flake8/Flake8-2.1.116.4872/RHEL5_64/DEV.STD.PTHREAD/build/bin:/opt/brazil-pkg-cache/packages/JavaClassConflictDetector/JavaClassConflictDetector-1.0.5577.30447/RHEL5_64/DEV.STD.PTHREAD/build/bin:/opt/brazil-pkg-cache/packages/MakePython27Default/MakePython27Default-1.0.54.66038/RHEL5_64/DEV.STD.PTHREAD/build/bin:/opt/brazil-pkg-cache/packages/PEP8/PEP8-1.5.x.117.4546/RHEL5_64/DEV.STD.PTHREAD/build/bin:/opt/brazil-pkg-cache/packages/Pyflakes/Pyflakes-0.8.x.80.4725/RHEL5_64/DEV.STD.PTHREAD/build/bin:/opt/brazil-pkg-cache/packages/Docutils/Docutils-0.11.0.4516/RHEL5_64/DEV.STD.PTHREAD/build/bin:/opt/brazil-pkg-cache/packages/Python-jmespath/Python-jmespath-0.9.x.81.1055/RHEL5_64/DEV.STD.PTHREAD/build/bin:/opt/brazil-pkg-cache/packages/Python-setuptools/Python-setuptools-2.x.785.7186/RHEL5_64/DEV.STD.PTHREAD/build/bin:/opt/brazil-pkg-cache/packages/Python27/Python27-1.0.8941.4525/RHEL5_64/DEV.STD.PTHREAD/build/bin:/opt/brazil-pkg-cache/packages/Bzip2/Bzip2-1.0.1844.53445/RHEL5_64/DEV.STD.PTHREAD/build/bin:/opt/brazil-pkg-cache/packages/Openssl/Openssl-1.0.x.10795.1983/RHEL5_64/DEV.STD.PTHREAD/build/bin:/opt/brazil-pkg-cache/packages/Perl/Perl-2.0.1144.38455/RHEL5_64/DEV.STD.PTHREAD/build/bin:/opt/brazil-pkg-cache/packages/SQLite/SQLite-3.3.6.873.49811/RHEL5_64/DEV.STD.PTHREAD/build/bin:/opt/brazil-pkg-cache/packages/CheetahParser/CheetahParser-1.0.2.3000.907/RHEL5_64/DEV.STD.PTHREAD/build/bin:/opt/brazil-pkg-cache/packages/XZUtils/XZUtils-5.5849.4340/RHEL5_64/DEV.STD.PTHREAD/build/bin:/rhel5pdi/workplace/yunusko/lambda-blueprints/src/LambdaConsoleResources/build-tools/bin:/rhel5pdi/workplace/yunusko/lambda-blueprints/env/EasyNodeJS-6.10.2/runtime/bin:/home/yunusko/eclipse/active:/home/yunusko/bin:/home/yunusko/usr/bin:/usr/kerberos/bin:/apollo/env/SDETools/bin:/apollo/env/envImprovement/bin:/usr/local/bin:/usr/bin:/bin:/usr/sbin:/sbin:/usr/local/sbin:/apollo/bin:/apollo/sbin:/apollo/env/ApolloCommandLine/bin
10 verbose lifecycle lambda-console-resources@1.0.0~release: CWD: /rhel5pdi/workplace/yunusko/lambda-blueprints/src/LambdaConsoleResources
11 silly lifecycle lambda-console-resources@1.0.0~release: Args: [ '-c', 'make default' ]
12 silly lifecycle lambda-console-resources@1.0.0~release: Returned: code: 2  signal: null
13 info lifecycle lambda-console-resources@1.0.0~release: Failed to exec release script
14 verbose stack Error: lambda-console-resources@1.0.0 release: `make default`
14 verbose stack Exit status 2
14 verbose stack     at EventEmitter.<anonymous> (/rhel5pdi/brazil-pkg-cache/packages/EasyNodeJS/EasyNodeJS-6.10.2.7.5/RHEL5_64/DEV.STD.PTHREAD/build/lib/node_modules/npm/lib/utils/lifecycle.js:255:16)
14 verbose stack     at emitTwo (events.js:106:13)
14 verbose stack     at EventEmitter.emit (events.js:191:7)
14 verbose stack     at ChildProcess.<anonymous> (/rhel5pdi/brazil-pkg-cache/packages/EasyNodeJS/EasyNodeJS-6.10.2.7.5/RHEL5_64/DEV.STD.PTHREAD/build/lib/node_modules/npm/lib/utils/spawn.js:40:14)
14 verbose stack     at emitTwo (events.js:106:13)
14 verbose stack     at ChildProcess.emit (events.js:191:7)
14 verbose stack     at maybeClose (internal/child_process.js:886:16)
14 verbose stack     at Process.ChildProcess._handle.onexit (internal/child_process.js:226:5)
15 verbose pkgid lambda-console-resources@1.0.0
16 verbose cwd /rhel5pdi/workplace/yunusko/lambda-blueprints/src/LambdaConsoleResources/blueprints/greengrass-ml-squeezenet-object-classification-raspi-python
17 error Linux 2.6.18-164.el5
18 error argv "/rhel5pdi/brazil-pkg-cache/packages/EasyNodeJS/EasyNodeJS-6.10.2.7.5/RHEL5_64/DEV.STD.PTHREAD/build/bin/node" "/opt/brazil-pkg-cache/packages/EasyNodeJS/EasyNodeJS-6.10.2.7.5/RHEL5_64/DEV.STD.PTHREAD/build/bin/npm" "run-script" "release"
19 error node v6.10.2
20 error npm  v3.10.10
21 error code ELIFECYCLE
22 error lambda-console-resources@1.0.0 release: `make default`
22 error Exit status 2
23 error Failed at the lambda-console-resources@1.0.0 release script 'make default'.
23 error Make sure you have the latest version of node.js and npm installed.
23 error If you do, this is most likely a problem with the lambda-console-resources package,
23 error not with npm itself.
23 error Tell the author that this fails on your system:
23 error     make default
23 error You can get information on how to open an issue for this project with:
23 error     npm bugs lambda-console-resources
23 error Or if that isn't available, you can get their info via:
23 error     npm owner ls lambda-console-resources
23 error There is likely additional logging output above.
24 verbose exit [ 1, true ]
